perfManageSys/perfManageSys/build/outputs/logs/manifest-merger-debug-report.txt
-- Merging decision tree log ---
manifest
ADDED from src\main\AndroidManifest.xml:2:1-321:12
	package
		ADDED from src\main\AndroidManifest.xml:3:5-38
		INJECTED from src\main\AndroidManifest.xml
		INJECTED from src\main\AndroidManifest.xml
	android:versionName
		ADDED from src\main\AndroidManifest.xml:5:5-46
		INJECTED from src\main\AndroidManifest.xml
		INJECTED from src\main\AndroidManifest.xml
	android:versionCode
		ADDED from src\main\AndroidManifest.xml:4:5-35
		INJECTED from src\main\AndroidManifest.xml
		INJECTED from src\main\AndroidManifest.xml
	xmlns:android
		ADDED from src\main\AndroidManifest.xml:2:11-69
uses-sdk
ADDED from src\main\AndroidManifest.xml:7:5-9:41
MERGED from [perfManageSys:pullToRefresh:unspecified] AndroidManifest.xml:7:5-9:40
MERGED from [com.jakewharton:butterknife:8.6.0] AndroidManifest.xml:5:5-43
MERGED from [com.android.support:support-compat:26.0.0-alpha1] AndroidManifest.xml:21:5-23:58
MERGED from [com.android.support:appcompat-v7:26.0.0-alpha1] AndroidManifest.xml:21:5-23:78
MERGED from [com.android.support:support-v4:26.0.0-alpha1] AndroidManifest.xml:21:5-23:54
MERGED from [com.android.support:support-media-compat:26.0.0-alpha1] AndroidManifest.xml:21:5-23:63
MERGED from [com.android.support:support-core-utils:26.0.0-alpha1] AndroidManifest.xml:21:5-23:61
MERGED from [com.android.support:support-core-ui:26.0.0-alpha1] AndroidManifest.xml:21:5-23:58
MERGED from [com.android.support:support-fragment:26.0.0-alpha1] AndroidManifest.xml:21:5-23:60
MERGED from [com.android.support:support-vector-drawable:26.0.0-alpha1] AndroidManifest.xml:20:5-44
MERGED from [com.android.support:animated-vector-drawable:26.0.0-alpha1] AndroidManifest.xml:20:5-44
	tools:overrideLibrary
		ADDED from [com.android.support:support-compat:26.0.0-alpha1] AndroidManifest.xml:23:9-55
	android:targetSdkVersion
		ADDED from src\main\AndroidManifest.xml:9:9-38
		INJECTED from src\main\AndroidManifest.xml
		INJECTED from src\main\AndroidManifest.xml
	android:minSdkVersion
		ADDED from src\main\AndroidManifest.xml:8:9-35
		INJECTED from src\main\AndroidManifest.xml
		INJECTED from src\main\AndroidManifest.xml
uses-permission#android.permission.INTERNET
ADDED from src\main\AndroidManifest.xml:11:5-67
	android:name
		ADDED from src\main\AndroidManifest.xml:11:22-64
uses-permission#android.permission.ACCESS_WIFI_STATE
ADDED from src\main\AndroidManifest.xml:14:5-76
	android:name
		ADDED from src\main\AndroidManifest.xml:14:22-73
uses-permission#android.permission.ACCESS_NETWORK_STATE
ADDED from src\main\AndroidManifest.xml:15:5-79
	android:name
		ADDED from src\main\AndroidManifest.xml:15:22-76
uses-permission#android.permission.MOUNT_UNMOUNT_FILESYSTEMS
ADDED from src\main\AndroidManifest.xml:17:5-84
	android:name
		ADDED from src\main\AndroidManifest.xml:17:22-81
uses-permission#android.permission.WRITE_EXTERNAL_STORAGE
ADDED from src\main\AndroidManifest.xml:19:5-81
	android:name
		ADDED from src\main\AndroidManifest.xml:19:22-78
uses-permission#android.permission.ACCESS_COARSE_LOCATION
ADDED from src\main\AndroidManifest.xml:23:5-81
	android:name
		ADDED from src\main\AndroidManifest.xml:23:22-78
uses-permission#android.permission.READ_CONTACTS
ADDED from src\main\AndroidManifest.xml:26:5-72
	android:name
		ADDED from src\main\AndroidManifest.xml:26:22-69
uses-permission#android.permission.WRITE_CONTACTS
ADDED from src\main\AndroidManifest.xml:27:5-73
	android:name
		ADDED from src\main\AndroidManifest.xml:27:22-70
uses-permission#android.permission.CALL_PHONE
ADDED from src\main\AndroidManifest.xml:30:5-69
	android:name
		ADDED from src\main\AndroidManifest.xml:30:22-66
uses-permission#android.permission.PROCESS_OUTGOING_CALLS
ADDED from src\main\AndroidManifest.xml:33:5-81
	android:name
		ADDED from src\main\AndroidManifest.xml:33:22-78
uses-permission#android.permission.READ_PHONE_STATE
ADDED from src\main\AndroidManifest.xml:34:5-75
	android:name
		ADDED from src\main\AndroidManifest.xml:34:22-72
uses-permission#android.permission.READ_EXTERNAL_STORAGE
ADDED from src\main\AndroidManifest.xml:37:5-80
	android:name
		ADDED from src\main\AndroidManifest.xml:37:22-77
uses-permission#android.permission.RECORD_AUDIO
ADDED from src\main\AndroidManifest.xml:40:5-71
	android:name
		ADDED from src\main\AndroidManifest.xml:40:22-68
uses-permission#android.permission.WRITE_SETTINGS
ADDED from src\main\AndroidManifest.xml:41:5-73
	android:name
		ADDED from src\main\AndroidManifest.xml:41:22-70
application
ADDED from src\main\AndroidManifest.xml:43:5-319:19
MERGED from [perfManageSys:pullToRefresh:unspecified] AndroidManifest.xml:11:5-20
MERGED from [com.android.support:support-compat:26.0.0-alpha1] AndroidManifest.xml:29:5-20
MERGED from [com.android.support:appcompat-v7:26.0.0-alpha1] AndroidManifest.xml:29:5-20
MERGED from [com.android.support:support-v4:26.0.0-alpha1] AndroidManifest.xml:29:5-20
MERGED from [com.android.support:support-media-compat:26.0.0-alpha1] AndroidManifest.xml:29:5-20
MERGED from [com.android.support:support-core-utils:26.0.0-alpha1] AndroidManifest.xml:29:5-20
MERGED from [com.android.support:support-core-ui:26.0.0-alpha1] AndroidManifest.xml:29:5-20
MERGED from [com.android.support:support-fragment:26.0.0-alpha1] AndroidManifest.xml:29:5-20
MERGED from [com.android.support:support-vector-drawable:26.0.0-alpha1] AndroidManifest.xml:26:5-20
MERGED from [com.android.support:animated-vector-drawable:26.0.0-alpha1] AndroidManifest.xml:26:5-20
	android:label
		ADDED from src\main\AndroidManifest.xml:47:9-41
	android:allowBackup
		ADDED from src\main\AndroidManifest.xml:45:9-35
	android:icon
		ADDED from src\main\AndroidManifest.xml:46:9-45
	android:name
		ADDED from src\main\AndroidManifest.xml:44:9-48
meta-data#com.baidu.lbsapi.API_KEY
ADDED from src\main\AndroidManifest.xml:63:9-65:64
	android:value
		ADDED from src\main\AndroidManifest.xml:65:13-61
	android:name
		ADDED from src\main\AndroidManifest.xml:64:13-52
service#com.baidu.location.f
ADDED from src\main\AndroidManifest.xml:72:9-75:41
	android:enabled
		ADDED from src\main\AndroidManifest.xml:74:13-35
	android:process
		ADDED from src\main\AndroidManifest.xml:75:13-38
	android:name
		ADDED from src\main\AndroidManifest.xml:73:13-48
service#com.loveplusplus.update.DownloadService
ADDED from src\main\AndroidManifest.xml:76:9-79:44
	android:enabled
		ADDED from src\main\AndroidManifest.xml:78:13-35
	android:process
		ADDED from src\main\AndroidManifest.xml:79:13-41
	android:name
		ADDED from src\main\AndroidManifest.xml:77:13-67
service#com.hnran.perfmanagesys.service.WebSocketService
ADDED from src\main\AndroidManifest.xml:80:9-82:38
	android:enabled
		ADDED from src\main\AndroidManifest.xml:82:13-35
	android:name
		ADDED from src\main\AndroidManifest.xml:81:13-53
service#com.hnran.perfmanagesys.service.CallPhoneService
ADDED from src\main\AndroidManifest.xml:83:9-85:38
	android:enabled
		ADDED from src\main\AndroidManifest.xml:85:13-35
	android:name
		ADDED from src\main\AndroidManifest.xml:84:13-53
activity#com.hnran.perfmanagesys.activity.LaunchActivity
ADDED from src\main\AndroidManifest.xml:87:9-95:20
	android:label
		ADDED from src\main\AndroidManifest.xml:89:13-45
	android:name
		ADDED from src\main\AndroidManifest.xml:88:13-52
intent-filter#android.intent.action.MAIN+android.intent.category.LAUNCHER
ADDED from src\main\AndroidManifest.xml:90:13-94:29
action#android.intent.action.MAIN
ADDED from src\main\AndroidManifest.xml:91:17-69
	android:name
		ADDED from src\main\AndroidManifest.xml:91:25-66
category#android.intent.category.LAUNCHER
ADDED from src\main\AndroidManifest.xml:93:17-77
	android:name
		ADDED from src\main\AndroidManifest.xml:93:27-74
activity#com.hnran.perfmanagesys.activity.LoginActivity
ADDED from src\main\AndroidManifest.xml:96:9-100:70
	android:label
		ADDED from src\main\AndroidManifest.xml:98:13-45
	android:launchMode
		ADDED from src\main\AndroidManifest.xml:99:13-43
	android:windowSoftInputMode
		ADDED from src\main\AndroidManifest.xml:100:13-67
	android:name
		ADDED from src\main\AndroidManifest.xml:97:13-51
activity#com.hnran.perfmanagesys.activity.ReLoginActivity
ADDED from src\main\AndroidManifest.xml:101:9-104:64
	android:label
		ADDED from src\main\AndroidManifest.xml:103:13-45
	android:theme
		ADDED from src\main\AndroidManifest.xml:104:13-61
	android:name
		ADDED from src\main\AndroidManifest.xml:102:13-53
activity#com.hnran.perfmanagesys.activity.HomeActivity
ADDED from src\main\AndroidManifest.xml:105:9-109:73
	android:label
		ADDED from src\main\AndroidManifest.xml:107:13-45
	android:launchMode
		ADDED from src\main\AndroidManifest.xml:108:13-43
	android:windowSoftInputMode
		ADDED from src\main\AndroidManifest.xml:109:13-70
	android:name
		ADDED from src\main\AndroidManifest.xml:106:13-50
activity#com.hnran.perfmanagesys.activity.PerformanceActivity
ADDED from src\main\AndroidManifest.xml:110:9-113:46
	android:label
		ADDED from src\main\AndroidManifest.xml:112:13-45
	android:launchMode
		ADDED from src\main\AndroidManifest.xml:113:13-43
	android:name
		ADDED from src\main\AndroidManifest.xml:111:13-57
activity#com.hnran.perfmanagesys.activity.CustomerActivity
ADDED from src\main\AndroidManifest.xml:114:9-117:46
	android:label
		ADDED from src\main\AndroidManifest.xml:116:13-45
	android:launchMode
		ADDED from src\main\AndroidManifest.xml:117:13-43
	android:name
		ADDED from src\main\AndroidManifest.xml:115:13-54
activity#com.hnran.perfmanagesys.activity.customer.CustomerCheckActivity
ADDED from src\main\AndroidManifest.xml:118:9-121:46
	android:label
		ADDED from src\main\AndroidManifest.xml:120:13-45
	android:launchMode
		ADDED from src\main\AndroidManifest.xml:121:13-43
	android:name
		ADDED from src\main\AndroidManifest.xml:119:13-68
activity#com.hnran.perfmanagesys.activity.market.MarketAddCunkuanActivity
ADDED from src\main\AndroidManifest.xml:122:9-124:48
	android:label
		ADDED from src\main\AndroidManifest.xml:124:13-45
	android:name
		ADDED from src\main\AndroidManifest.xml:123:13-69
activity#com.hnran.perfmanagesys.activity.market.MarketAddActivity
ADDED from src\main\AndroidManifest.xml:125:9-127:48
	android:label
		ADDED from src\main\AndroidManifest.xml:127:13-45
	android:name
		ADDED from src\main\AndroidManifest.xml:126:13-62
activity#com.hnran.perfmanagesys.activity.market.MarketModifyActivity
ADDED from src\main\AndroidManifest.xml:128:9-130:48
	android:label
		ADDED from src\main\AndroidManifest.xml:130:13-45
	android:name
		ADDED from src\main\AndroidManifest.xml:129:13-65
activity#com.hnran.perfmanagesys.activity.market.MarketCheckActivity
ADDED from src\main\AndroidManifest.xml:131:9-133:48
	android:label
		ADDED from src\main\AndroidManifest.xml:133:13-45
	android:name
		ADDED from src\main\AndroidManifest.xml:132:13-64
activity#com.hnran.perfmanagesys.activity.market.MarketChooseJigouActivity
ADDED from src\main\AndroidManifest.xml:134:9-138:64
	android:label
		ADDED from src\main\AndroidManifest.xml:136:13-45
	android:launchMode
		ADDED from src\main\AndroidManifest.xml:137:13-43
	android:theme
		ADDED from src\main\AndroidManifest.xml:138:13-61
	android:name
		ADDED from src\main\AndroidManifest.xml:135:13-70
activity#com.hnran.perfmanagesys.activity.warning.WarningCommonActivity
ADDED from src\main\AndroidManifest.xml:139:9-141:48
	android:label
		ADDED from src\main\AndroidManifest.xml:141:13-45
	android:name
		ADDED from src\main\AndroidManifest.xml:140:13-67
activity#com.hnran.perfmanagesys.activity.SearchActivity
ADDED from src\main\AndroidManifest.xml:142:9-147:58
	android:label
		ADDED from src\main\AndroidManifest.xml:144:13-45
	android:launchMode
		ADDED from src\main\AndroidManifest.xml:145:13-43
	android:windowSoftInputMode
		ADDED from src\main\AndroidManifest.xml:147:13-55
	android:theme
		ADDED from src\main\AndroidManifest.xml:146:13-61
	android:name
		ADDED from src\main\AndroidManifest.xml:143:13-52
activity#com.hnran.perfmanagesys.activity.customer.CustomerProductShoujiActivity
ADDED from src\main\AndroidManifest.xml:148:9-150:48
	android:label
		ADDED from src\main\AndroidManifest.xml:150:13-45
	android:name
		ADDED from src\main\AndroidManifest.xml:149:13-76
activity#com.hnran.perfmanagesys.activity.customer.CustomerProductCunkuanActivity
ADDED from src\main\AndroidManifest.xml:151:9-153:48
	android:label
		ADDED from src\main\AndroidManifest.xml:153:13-45
	android:name
		ADDED from src\main\AndroidManifest.xml:152:13-77
activity#com.hnran.perfmanagesys.activity.customer.CustomerProductDaikuanActivity
ADDED from src\main\AndroidManifest.xml:154:9-156:48
	android:label
		ADDED from src\main\AndroidManifest.xml:156:13-45
	android:name
		ADDED from src\main\AndroidManifest.xml:155:13-77
activity#com.hnran.perfmanagesys.activity.customer.CustomerProductEtcActivity
ADDED from src\main\AndroidManifest.xml:157:9-159:48
	android:label
		ADDED from src\main\AndroidManifest.xml:159:13-45
	android:name
		ADDED from src\main\AndroidManifest.xml:158:13-73
activity#com.hnran.perfmanagesys.visit.VisitMainActivityOld
ADDED from src\main\AndroidManifest.xml:160:9-162:48
	android:label
		ADDED from src\main\AndroidManifest.xml:162:13-45
	android:name
		ADDED from src\main\AndroidManifest.xml:161:13-55
activity#com.hnran.perfmanagesys.activity.performance.PerformanceCunkuanCommonActivity
ADDED from src\main\AndroidManifest.xml:163:9-165:48
	android:label
		ADDED from src\main\AndroidManifest.xml:165:13-45
	android:name
		ADDED from src\main\AndroidManifest.xml:164:13-82
activity#com.hnran.perfmanagesys.activity.performance.PerformanceDiqubuchaActivity
ADDED from src\main\AndroidManifest.xml:166:9-168:48
	android:label
		ADDED from src\main\AndroidManifest.xml:168:13-45
	android:name
		ADDED from src\main\AndroidManifest.xml:167:13-78
activity#com.hnran.perfmanagesys.activity.performance.PerformanceGuanliActivity
ADDED from src\main\AndroidManifest.xml:169:9-171:48
	android:label
		ADDED from src\main\AndroidManifest.xml:171:13-45
	android:name
		ADDED from src\main\AndroidManifest.xml:170:13-75
activity#com.hnran.perfmanagesys.activity.performance.PerformanceYewuActivity
ADDED from src\main\AndroidManifest.xml:172:9-174:48
	android:label
		ADDED from src\main\AndroidManifest.xml:174:13-45
	android:name
		ADDED from src\main\AndroidManifest.xml:173:13-73
activity#com.hnran.perfmanagesys.activity.performance.PerformanceDaikuanYingxiaoActivity
ADDED from src\main\AndroidManifest.xml:175:9-177:48
	android:label
		ADDED from src\main\AndroidManifest.xml:177:13-45
	android:name
		ADDED from src\main\AndroidManifest.xml:176:13-84
activity#com.hnran.perfmanagesys.activity.performance.PerformanceDaikuanBiaowaiActivity
ADDED from src\main\AndroidManifest.xml:178:9-180:48
	android:label
		ADDED from src\main\AndroidManifest.xml:180:13-45
	android:name
		ADDED from src\main\AndroidManifest.xml:179:13-83
activity#com.hnran.perfmanagesys.activity.performance.PerformanceDianziHushuActivity
ADDED from src\main\AndroidManifest.xml:181:9-183:48
	android:label
		ADDED from src\main\AndroidManifest.xml:183:13-45
	android:name
		ADDED from src\main\AndroidManifest.xml:182:13-80
activity#com.hnran.perfmanagesys.activity.performance.PerformanceDianziJiaoyiActivity
ADDED from src\main\AndroidManifest.xml:184:9-186:48
	android:label
		ADDED from src\main\AndroidManifest.xml:186:13-45
	android:name
		ADDED from src\main\AndroidManifest.xml:185:13-81
activity#com.hnran.perfmanagesys.activity.performance.PerformanceDianziEtcActivity
ADDED from src\main\AndroidManifest.xml:187:9-189:48
	android:label
		ADDED from src\main\AndroidManifest.xml:189:13-45
	android:name
		ADDED from src\main\AndroidManifest.xml:188:13-78
activity#com.hnran.perfmanagesys.activity.performance.PerformanceDianziGerenActivity
ADDED from src\main\AndroidManifest.xml:190:9-192:48
	android:label
		ADDED from src\main\AndroidManifest.xml:192:13-45
	android:name
		ADDED from src\main\AndroidManifest.xml:191:13-80
activity#com.hnran.perfmanagesys.activity.performance.PerformanceDianziJigouActivity
ADDED from src\main\AndroidManifest.xml:193:9-195:48
	android:label
		ADDED from src\main\AndroidManifest.xml:195:13-45
	android:name
		ADDED from src\main\AndroidManifest.xml:194:13-80
activity#com.hnran.perfmanagesys.activity.performance.PerformanceDaikuanMonilirunActivity
ADDED from src\main\AndroidManifest.xml:196:9-198:48
	android:label
		ADDED from src\main\AndroidManifest.xml:198:13-45
	android:name
		ADDED from src\main\AndroidManifest.xml:197:13-85
activity#com.hnran.perfmanagesys.activity.performance.PerformanceDianziJigouPingJunActivity
ADDED from src\main\AndroidManifest.xml:199:9-201:48
	android:label
		ADDED from src\main\AndroidManifest.xml:201:13-45
	android:name
		ADDED from src\main\AndroidManifest.xml:200:13-87
activity#com.hnran.perfmanagesys.activity.performancebymonth.PerformanceMonthPhjfkActivity
ADDED from src\main\AndroidManifest.xml:202:9-204:48
	android:label
		ADDED from src\main\AndroidManifest.xml:204:13-45
	android:name
		ADDED from src\main\AndroidManifest.xml:203:13-86
activity#com.hnran.perfmanagesys.activity.performancebymonth.PerformanceMonthGxlActivity
ADDED from src\main\AndroidManifest.xml:205:9-207:48
	android:label
		ADDED from src\main\AndroidManifest.xml:207:13-45
	android:name
		ADDED from src\main\AndroidManifest.xml:206:13-84
activity#com.hnran.perfmanagesys.activity.performancebymonth.PerformanceMonthAljcActivity
ADDED from src\main\AndroidManifest.xml:208:9-210:48
	android:label
		ADDED from src\main\AndroidManifest.xml:210:13-45
	android:name
		ADDED from src\main\AndroidManifest.xml:209:13-85
activity#com.hnran.perfmanagesys.activity.performance.PerformanceDkXzbnbldkzbActivity
ADDED from src\main\AndroidManifest.xml:211:9-213:48
	android:label
		ADDED from src\main\AndroidManifest.xml:213:13-45
	android:name
		ADDED from src\main\AndroidManifest.xml:212:13-81
activity#com.hnran.perfmanagesys.activity.performance.PerformanceCunkuanCkAljcgzMxActivity
ADDED from src\main\AndroidManifest.xml:214:9-216:48
	android:label
		ADDED from src\main\AndroidManifest.xml:216:13-45
	android:name
		ADDED from src\main\AndroidManifest.xml:215:13-86
activity#com.hnran.perfmanagesys.activity.performance.PerformanceDkDndqdkshlActivity
ADDED from src\main\AndroidManifest.xml:217:9-219:48
	android:label
		ADDED from src\main\AndroidManifest.xml:219:13-45
	android:name
		ADDED from src\main\AndroidManifest.xml:218:13-80
activity#com.hnran.perfmanagesys.activity.performance.PerformanceDKWddkhsMxActivity
ADDED from src\main\AndroidManifest.xml:220:9-222:48
	android:label
		ADDED from src\main\AndroidManifest.xml:222:13-45
	android:name
		ADDED from src\main\AndroidManifest.xml:221:13-79
activity#com.hnran.perfmanagesys.activity.performance.PerformanceCbSjyhdhlActivity
ADDED from src\main\AndroidManifest.xml:223:9-225:48
	android:label
		ADDED from src\main\AndroidManifest.xml:225:13-45
	android:name
		ADDED from src\main\AndroidManifest.xml:224:13-78
activity#com.hnran.perfmanagesys.activity.performance.PerformanceYwlWdywlActivity
ADDED from src\main\AndroidManifest.xml:226:9-228:48
	android:label
		ADDED from src\main\AndroidManifest.xml:228:13-45
	android:name
		ADDED from src\main\AndroidManifest.xml:227:13-77
activity#com.hnran.perfmanagesys.activity.performance.PerformanceGljxBmkhActivity
ADDED from src\main\AndroidManifest.xml:229:9-231:48
	android:label
		ADDED from src\main\AndroidManifest.xml:231:13-45
	android:name
		ADDED from src\main\AndroidManifest.xml:230:13-77
activity#com.hnran.perfmanagesys.activity.performance.PerformanceGljxWdrjgzActivity
ADDED from src\main\AndroidManifest.xml:232:9-234:48
	android:label
		ADDED from src\main\AndroidManifest.xml:234:13-45
	android:name
		ADDED from src\main\AndroidManifest.xml:233:13-79
activity#com.hnran.perfmanagesys.activity.performance.PerformanceGzzlActivity
ADDED from src\main\AndroidManifest.xml:235:9-237:48
	android:label
		ADDED from src\main\AndroidManifest.xml:237:13-45
	android:name
		ADDED from src\main\AndroidManifest.xml:236:13-73
activity#com.hnran.perfmanagesys.activity.performance.PerformanceXsxsgzActivity
ADDED from src\main\AndroidManifest.xml:238:9-240:48
	android:label
		ADDED from src\main\AndroidManifest.xml:240:13-45
	android:name
		ADDED from src\main\AndroidManifest.xml:239:13-75
activity#com.hnran.perfmanagesys.activity.performance.PerformanceJgaljcActivity
ADDED from src\main\AndroidManifest.xml:241:9-243:48
	android:label
		ADDED from src\main\AndroidManifest.xml:243:13-45
	android:name
		ADDED from src\main\AndroidManifest.xml:242:13-75
activity#com.hnran.perfmanagesys.activity.performance.PerformanceCunkuanYzkhgzMxActivity
ADDED from src\main\AndroidManifest.xml:244:9-246:48
	android:label
		ADDED from src\main\AndroidManifest.xml:246:13-45
	android:name
		ADDED from src\main\AndroidManifest.xml:245:13-84
activity#com.hnran.perfmanagesys.activity.performance.PerformanceDianziBmkkhhsMxActivity
ADDED from src\main\AndroidManifest.xml:249:9-251:48
	android:label
		ADDED from src\main\AndroidManifest.xml:251:13-45
	android:name
		ADDED from src\main\AndroidManifest.xml:250:13-84
activity#com.hnran.perfmanagesys.activity.performance.PerformanceDKDydklxshMxActivity
ADDED from src\main\AndroidManifest.xml:252:9-254:48
	android:label
		ADDED from src\main\AndroidManifest.xml:254:13-45
	android:name
		ADDED from src\main\AndroidManifest.xml:253:13-81
activity#com.hnran.perfmanagesys.activity.performance.PerformanceDkKhhsMxActivity
ADDED from src\main\AndroidManifest.xml:255:9-257:48
	android:label
		ADDED from src\main\AndroidManifest.xml:257:13-45
	android:name
		ADDED from src\main\AndroidManifest.xml:256:13-77
activity#com.hnran.perfmanagesys.activity.performance.PerformanceDkAljcgzMxActivity
ADDED from src\main\AndroidManifest.xml:258:9-260:48
	android:label
		ADDED from src\main\AndroidManifest.xml:260:13-45
	android:name
		ADDED from src\main\AndroidManifest.xml:259:13-79
activity#com.hnran.perfmanagesys.activity.performance.PerformanceJymbActivity
ADDED from src\main\AndroidManifest.xml:261:9-263:48
	android:label
		ADDED from src\main\AndroidManifest.xml:263:13-45
	android:name
		ADDED from src\main\AndroidManifest.xml:262:13-73
activity#com.hnran.perfmanagesys.activity.ExitActivity
ADDED from src\main\AndroidManifest.xml:264:9-266:48
	android:label
		ADDED from src\main\AndroidManifest.xml:266:13-45
	android:name
		ADDED from src\main\AndroidManifest.xml:265:13-50
activity#com.hnran.perfmanagesys.visit.VisitMainActivity
ADDED from src\main\AndroidManifest.xml:267:9-270:52
	android:screenOrientation
		ADDED from src\main\AndroidManifest.xml:270:13-49
	android:label
		ADDED from src\main\AndroidManifest.xml:269:13-45
	android:name
		ADDED from src\main\AndroidManifest.xml:268:13-52
activity#com.hnran.perfmanagesys.visit.VisitLocationActivity
ADDED from src\main\AndroidManifest.xml:272:9-275:52
	android:screenOrientation
		ADDED from src\main\AndroidManifest.xml:275:13-49
	android:label
		ADDED from src\main\AndroidManifest.xml:274:13-45
	android:name
		ADDED from src\main\AndroidManifest.xml:273:13-56
activity#com.hnran.perfmanagesys.visit.PreviewPhotoActivity
ADDED from src\main\AndroidManifest.xml:276:9-278:52
	android:screenOrientation
		ADDED from src\main\AndroidManifest.xml:278:13-49
	android:name
		ADDED from src\main\AndroidManifest.xml:277:13-55
activity#com.hnran.perfmanagesys.visit.VisitContactsActivity
ADDED from src\main\AndroidManifest.xml:279:9-281:52
	android:screenOrientation
		ADDED from src\main\AndroidManifest.xml:281:13-49
	android:name
		ADDED from src\main\AndroidManifest.xml:280:13-56
activity#com.hnran.perfmanagesys.Statistics.view.SalarySeekActivity
ADDED from src\main\AndroidManifest.xml:283:9-290:20
	android:screenOrientation
		ADDED from src\main\AndroidManifest.xml:285:13-49
	android:name
		ADDED from src\main\AndroidManifest.xml:284:13-63
intent-filter#android.intent.category.DEFAULT+com.hnran.perfmanagesys.Statistics.view.0
ADDED from src\main\AndroidManifest.xml:286:13-289:29
action#com.hnran.perfmanagesys.Statistics.view.0
ADDED from src\main\AndroidManifest.xml:287:17-84
	android:name
		ADDED from src\main\AndroidManifest.xml:287:25-81
category#android.intent.category.DEFAULT
ADDED from src\main\AndroidManifest.xml:288:17-76
	android:name
		ADDED from src\main\AndroidManifest.xml:288:27-73
activity#com.hnran.perfmanagesys.Statistics.view.SalaryRankActivity
ADDED from src\main\AndroidManifest.xml:291:9-301:20
	android:screenOrientation
		ADDED from src\main\AndroidManifest.xml:293:13-49
	android:name
		ADDED from src\main\AndroidManifest.xml:292:13-63
intent-filter#android.intent.category.DEFAULT+com.hnran.perfmanagesys.Statistics.view.1+com.hnran.perfmanagesys.Statistics.view.2+com.hnran.perfmanagesys.Statistics.view.3+com.hnran.perfmanagesys.Statistics.view.4
ADDED from src\main\AndroidManifest.xml:294:13-300:29
action#com.hnran.perfmanagesys.Statistics.view.1
ADDED from src\main\AndroidManifest.xml:295:17-84
	android:name
		ADDED from src\main\AndroidManifest.xml:295:25-81
action#com.hnran.perfmanagesys.Statistics.view.2
ADDED from src\main\AndroidManifest.xml:296:17-84
	android:name
		ADDED from src\main\AndroidManifest.xml:296:25-81
action#com.hnran.perfmanagesys.Statistics.view.3
ADDED from src\main\AndroidManifest.xml:297:17-84
	android:name
		ADDED from src\main\AndroidManifest.xml:297:25-81
action#com.hnran.perfmanagesys.Statistics.view.4
ADDED from src\main\AndroidManifest.xml:298:17-84
	android:name
		ADDED from src\main\AndroidManifest.xml:298:25-81
activity#com.hnran.perfmanagesys.Statistics.view.TellerHandOverActivity
ADDED from src\main\AndroidManifest.xml:302:9-309:20
	android:screenOrientation
		ADDED from src\main\AndroidManifest.xml:304:13-49
	android:name
		ADDED from src\main\AndroidManifest.xml:303:13-67
intent-filter#android.intent.category.DEFAULT+com.hnran.perfmanagesys.Statistics.view.5
ADDED from src\main\AndroidManifest.xml:305:13-308:29
action#com.hnran.perfmanagesys.Statistics.view.5
ADDED from src\main\AndroidManifest.xml:306:17-84
	android:name
		ADDED from src\main\AndroidManifest.xml:306:25-81
activity#com.hnran.perfmanagesys.Statistics.view.StaffSalaryInfoActivity
ADDED from src\main\AndroidManifest.xml:311:9-313:52
	android:screenOrientation
		ADDED from src\main\AndroidManifest.xml:313:13-49
	android:name
		ADDED from src\main\AndroidManifest.xml:312:13-68
activity#com.hnran.perfmanagesys.Statistics.view.HandoverSaveActivity
ADDED from src\main\AndroidManifest.xml:315:9-317:51
	android:screenOrientation
		ADDED from src\main\AndroidManifest.xml:317:13-49
	android:name
		ADDED from src\main\AndroidManifest.xml:316:13-65
meta-data#android.support.VERSION
ADDED from [com.android.support:support-compat:26.0.0-alpha1] AndroidManifest.xml:25:5-27:41
MERGED from [com.android.support:appcompat-v7:26.0.0-alpha1] AndroidManifest.xml:25:5-27:41
MERGED from [com.android.support:support-v4:26.0.0-alpha1] AndroidManifest.xml:25:5-27:41
MERGED from [com.android.support:support-media-compat:26.0.0-alpha1] AndroidManifest.xml:25:5-27:41
MERGED from [com.android.support:support-core-utils:26.0.0-alpha1] AndroidManifest.xml:25:5-27:41
MERGED from [com.android.support:support-core-ui:26.0.0-alpha1] AndroidManifest.xml:25:5-27:41
MERGED from [com.android.support:support-fragment:26.0.0-alpha1] AndroidManifest.xml:25:5-27:41
MERGED from [com.android.support:support-vector-drawable:26.0.0-alpha1] AndroidManifest.xml:22:5-24:41
MERGED from [com.android.support:animated-vector-drawable:26.0.0-alpha1] AndroidManifest.xml:22:5-24:41
	android:value
		ADDED from [com.android.support:support-compat:26.0.0-alpha1] AndroidManifest.xml:27:9-38
	android:name
		ADDED from [com.android.support:support-compat:26.0.0-alpha1] AndroidManifest.xml:26:9-47